2024-07-26T05:27:23.351Z [31merror[39m: API post/api/book hit with error Booking validation failed: passengerType: `` is not a valid enum value for path `passengerType`.
2024-07-26T06:16:21.752Z [31merror[39m: API post/api/bus hit with error Invalid seat layout
2024-07-26T06:19:23.477Z [31merror[39m: API post/api/bus hit with error Invalid stop station name
2024-07-26T06:19:41.957Z [31merror[39m: API post/api/bus hit with error Invalid seat layout
2024-07-26T06:28:07.925Z [31merror[39m: API post/api/bus hit with error Invalid seat layout
2024-07-26T06:30:19.221Z [31merror[39m: API post/api/bus hit with error Invalid seat layout
2024-07-26T08:53:15.516Z [31merror[39m: API post/api/bus hit with error Invalid stop station name
2024-07-26T11:09:16.960Z [31merror[39m: API post/api/book hit with error Seat already booked
2024-07-26T11:10:59.453Z [31merror[39m: API post/api/book hit with error Seat already booked
2024-07-26T11:11:14.720Z [31merror[39m: API post/api/book hit with error Seat already booked
2024-07-26T11:13:57.611Z [31merror[39m: API post/api/book hit with error Seat already booked
2024-07-26T11:49:17.536Z [31merror[39m: API post/api/book hit with error Seat already booked
2024-07-29T08:36:16.756Z [31merror[39m: API post/api/bus hit with error Route not found
2024-07-29T08:36:34.838Z [31merror[39m: API post/api/bus hit with error Route not found
2024-07-29T08:36:43.382Z [31merror[39m: API post/api/bus hit with error Route not found
2024-07-29T08:40:17.589Z [31merror[39m: API post/api/bus hit with error Route not found
2024-07-29T08:42:27.935Z [31merror[39m: API post/api/bus hit with error Route not found
2024-07-29T08:45:43.110Z [31merror[39m: API post/api/bus hit with error Route not found
2024-07-29T08:51:15.141Z [31merror[39m: API post/api/bus hit with error Route not found
2024-07-29T08:54:48.975Z [31merror[39m: API post/api/bus hit with error Route not found
2024-07-29T08:55:16.471Z [31merror[39m: API post/api/bus hit with error Route not found
